2024-11-19T00:01:12.818Z  WARN 27072 --- [apol] [HikariPool-1 housekeeper] com.zaxxer.hikari.pool.HikariPool        : HikariPool-1 - Thread starvation or clock leap detected (housekeeper delta=1h41m32s462ms295µs800ns).
2024-11-19T00:05:53.575Z  INFO 27072 --- [apol] [SpringApplicationShutdownHook] j.LocalContainerEntityManagerFactoryBean : Closing JPA EntityManagerFactory for persistence unit 'default'
2024-11-19T00:05:53.710Z  INFO 27072 --- [apol] [SpringApplicationShutdownHook] com.zaxxer.hikari.HikariDataSource       : HikariPool-1 - Shutdown initiated...
2024-11-19T00:05:53.757Z  INFO 27072 --- [apol] [SpringApplicationShutdownHook] com.zaxxer.hikari.HikariDataSource       : HikariPool-1 - Shutdown completed.
2024-11-19T00:06:01.331Z  INFO 29468 --- [apol] [main] com.spring.apol.ApolApplication          : Starting ApolApplication using Java 22.0.1 with PID 29468 (C:\Users\bmd tech\Documents\apol\apol\apol\target\classes started by bmd tech in C:\Users\bmd tech\Documents\apol)
2024-11-19T00:06:01.335Z  INFO 29468 --- [apol] [main] com.spring.apol.ApolApplication          : No active profile set, falling back to 1 default profile: "default"
2024-11-19T00:06:03.004Z  INFO 29468 --- [apol] [main] .s.d.r.c.RepositoryConfigurationDelegate : Bootstrapping Spring Data JPA repositories in DEFAULT mode.
2024-11-19T00:06:03.229Z  INFO 29468 --- [apol] [main] .s.d.r.c.RepositoryConfigurationDelegate : Finished Spring Data repository scanning in 208 ms. Found 11 JPA repository interfaces.
2024-11-19T00:06:04.343Z  INFO 29468 --- [apol] [main] o.s.b.w.embedded.tomcat.TomcatWebServer  : Tomcat initialized with port 10000 (http)
2024-11-19T00:06:04.374Z  INFO 29468 --- [apol] [main] o.apache.catalina.core.StandardService   : Starting service [Tomcat]
2024-11-19T00:06:04.374Z  INFO 29468 --- [apol] [main] o.apache.catalina.core.StandardEngine    : Starting Servlet engine: [Apache Tomcat/10.1.30]
2024-11-19T00:06:04.604Z  INFO 29468 --- [apol] [main] o.a.c.c.C.[Tomcat].[localhost].[/]       : Initializing Spring embedded WebApplicationContext
2024-11-19T00:06:04.606Z  INFO 29468 --- [apol] [main] w.s.c.ServletWebServerApplicationContext : Root WebApplicationContext: initialization completed in 3170 ms
2024-11-19T00:06:04.959Z  INFO 29468 --- [apol] [main] o.hibernate.jpa.internal.util.LogHelper  : HHH000204: Processing PersistenceUnitInfo [name: default]
2024-11-19T00:06:05.132Z  INFO 29468 --- [apol] [main] org.hibernate.Version                    : HHH000412: Hibernate ORM core version 6.5.3.Final
2024-11-19T00:06:05.250Z  INFO 29468 --- [apol] [main] o.h.c.internal.RegionFactoryInitiator    : HHH000026: Second-level cache disabled
2024-11-19T00:06:06.041Z  INFO 29468 --- [apol] [main] o.s.o.j.p.SpringPersistenceUnitInfo      : No LoadTimeWeaver setup: ignoring JPA class transformer
2024-11-19T00:06:06.098Z  INFO 29468 --- [apol] [main] com.zaxxer.hikari.HikariDataSource       : HikariPool-1 - Starting...
2024-11-19T00:06:07.019Z  INFO 29468 --- [apol] [main] com.zaxxer.hikari.pool.HikariPool        : HikariPool-1 - Added connection com.mysql.cj.jdbc.ConnectionImpl@2ce47652
2024-11-19T00:06:07.022Z  INFO 29468 --- [apol] [main] com.zaxxer.hikari.HikariDataSource       : HikariPool-1 - Start completed.
2024-11-19T00:06:07.128Z  WARN 29468 --- [apol] [main] org.hibernate.orm.deprecation            : HHH90000025: MySQLDialect does not need to be specified explicitly using 'hibernate.dialect' (remove the property setting and it will be selected by default)
2024-11-19T00:06:10.595Z  INFO 29468 --- [apol] [main] o.h.e.t.j.p.i.JtaPlatformInitiator       : HHH000489: No JTA platform available (set 'hibernate.transaction.jta.platform' to enable JTA platform integration)
2024-11-19T00:06:11.152Z  INFO 29468 --- [apol] [main] j.LocalContainerEntityManagerFactoryBean : Initialized JPA EntityManagerFactory for persistence unit 'default'
2024-11-19T00:06:12.423Z  WARN 29468 --- [apol] [main] JpaBaseConfiguration$JpaWebConfiguration : spring.jpa.open-in-view is enabled by default. Therefore, database queries may be performed during view rendering. Explicitly configure spring.jpa.open-in-view to disable this warning
2024-11-19T00:06:12.506Z  INFO 29468 --- [apol] [main] r$InitializeUserDetailsManagerConfigurer : Global AuthenticationManager configured with UserDetailsService bean with name inMemoryUserDetailsManager
2024-11-19T00:06:12.916Z DEBUG 29468 --- [apol] [main] s.w.s.m.m.a.RequestMappingHandlerMapping : 71 mappings in 'requestMappingHandlerMapping'
2024-11-19T00:06:13.099Z DEBUG 29468 --- [apol] [main] o.s.w.s.handler.SimpleUrlHandlerMapping  : Patterns [/webjars/**, /**] in 'resourceHandlerMapping'
2024-11-19T00:06:13.488Z DEBUG 29468 --- [apol] [main] s.w.s.m.m.a.RequestMappingHandlerAdapter : ControllerAdvice beans: 0 @ModelAttribute, 0 @InitBinder, 1 RequestBodyAdvice, 1 ResponseBodyAdvice
2024-11-19T00:06:13.590Z DEBUG 29468 --- [apol] [main] .m.m.a.ExceptionHandlerExceptionResolver : ControllerAdvice beans: 0 @ExceptionHandler, 1 ResponseBodyAdvice
2024-11-19T00:06:13.680Z  WARN 29468 --- [apol] [main] ion$DefaultTemplateResolverConfiguration : Cannot find template location: classpath:/templates/ (please add some templates, check your Thymeleaf configuration, or set spring.thymeleaf.check-template-location=false)
2024-11-19T00:06:13.972Z  INFO 29468 --- [apol] [main] o.s.b.w.embedded.tomcat.TomcatWebServer  : Tomcat started on port 10000 (http) with context path '/'
2024-11-19T00:06:13.994Z  INFO 29468 --- [apol] [main] com.spring.apol.ApolApplication          : Started ApolApplication in 13.542 seconds (process running for 15.538)
2024-11-19T00:11:37.176Z  INFO 29468 --- [apol] [SpringApplicationShutdownHook] j.LocalContainerEntityManagerFactoryBean : Closing JPA EntityManagerFactory for persistence unit 'default'
2024-11-19T00:11:37.183Z  INFO 29468 --- [apol] [SpringApplicationShutdownHook] com.zaxxer.hikari.HikariDataSource       : HikariPool-1 - Shutdown initiated...
2024-11-19T00:11:37.202Z  INFO 29468 --- [apol] [SpringApplicationShutdownHook] com.zaxxer.hikari.HikariDataSource       : HikariPool-1 - Shutdown completed.
